<?xml version="1.0" encoding="UTF-8"?>
<!-- Generated by org.testng.reporters.JUnitXMLReporter -->
<testsuite hostname="Cresto-PC" name="Test" tests="8" failures="2" timestamp="25 Jun 2015 06:30:48 GMT" time="41.206" errors="0">
  <testcase name="googleCheeseExample" time="13.08" classname="alexander.test.test">
    <skipped/>
  </testcase> <!-- googleCheeseExample -->
  <testcase name="googleCheeseExample" time="3.849" classname="alexander.test.test">
    <failure type="java.lang.AssertionError" message="expected [fasdfsdfds] but found [Cheese! - Google Search]">
      <![CDATA[java.lang.AssertionError: expected [fasdfsdfds] but found [Cheese! - Google Search]
	at alexander.test.test.googleCheeseExample(test.java:41)
... Removed 29 stack frames]]>
    </failure>
  </testcase> <!-- googleCheeseExample -->
  <testcase name="googleCheeseExample" time="1.294" classname="alexander.test.test">
    <failure type="java.lang.AssertionError" message="expected [fasdfsdfds] but found [Cheese! - Google Search]">
      <![CDATA[java.lang.AssertionError: expected [fasdfsdfds] but found [Cheese! - Google Search]
	at alexander.test.test.googleCheeseExample(test.java:41)
... Removed 29 stack frames]]>
    </failure>
  </testcase> <!-- googleCheeseExample -->
  <testcase name="googleMilkExample" time="3.512" classname="alexander.test.test"/>
  <testcase name="googleCheeseExample" time="2.61" classname="alexander.test.demo">
    <skipped/>
  </testcase> <!-- googleCheeseExample -->
  <testcase name="googleCheeseExample" time="6.703" classname="alexander.test.demo">
    <failure type="java.lang.AssertionError" message="expected [fasdfsdfds] but found [Cheese! - Google Search]">
      <![CDATA[java.lang.AssertionError: expected [fasdfsdfds] but found [Cheese! - Google Search]
	at alexander.test.demo.googleCheeseExample(demo.java:41)
... Removed 29 stack frames]]>
    </failure>
  </testcase> <!-- googleCheeseExample -->
  <testcase name="googleCheeseExample" time="2.08" classname="alexander.test.demo">
    <failure type="java.lang.AssertionError" message="expected [fasdfsdfds] but found [Cheese! - Google Search]">
      <![CDATA[java.lang.AssertionError: expected [fasdfsdfds] but found [Cheese! - Google Search]
	at alexander.test.demo.googleCheeseExample(demo.java:41)
... Removed 29 stack frames]]>
    </failure>
  </testcase> <!-- googleCheeseExample -->
  <testcase name="googleMilkExample" time="7.145" classname="alexander.test.demo"/>
</testsuite> <!-- Test -->
